# JRE version: OpenJDK Runtime Environment Temurin-21.0.8+9 (21.0.8+9) (build 21.0.8+9-LTS)
# Java VM: OpenJDK 64-Bit Server VM Temurin-21.0.8+9 (21.0.8+9-LTS, mixed mode, sharing, tiered, compressed oops, compressed class ptrs, parallel gc, windows-amd64)
GC Precious Log:
 CardTable entry size: 512
 CPUs: 12 total, 12 available
 Memory: 15772M
 Large Page Support: Disabled
 NUMA Support: Disabled
 Compressed Oops: Enabled (32-bit)
 Alignments: Space 512K, Generation 512K, Heap 2M
 Heap Min Capacity: 100M
 Heap Initial Capacity: 100M
 Heap Max Capacity: 2G
 Pre-touch: Disabled
 Parallel Workers: 10
Heap:
 PSYoungGen      total 3072K, used 1102K [0x00000000d5580000, 0x00000000d5a80000, 0x0000000100000000)
  eden space 2560K, 34% used [0x00000000d5580000,0x00000000d565b870,0x00000000d5800000)
  from space 512K, 43% used [0x00000000d5a00000,0x00000000d5a38000,0x00000000d5a80000)
  to   space 512K, 0% used [0x00000000d5800000,0x00000000d5800000,0x00000000d5880000)
 ParOldGen       total 945152K, used 944760K [0x0000000080000000, 0x00000000b9b00000, 0x00000000d5580000)
  object space 945152K, 99% used [0x0000000080000000,0x00000000b9a9e258,0x00000000b9b00000)
 Metaspace       used 67528K, committed 69120K, reserved 1114112K
  class space    used 7010K, committed 7680K, reserved 1048576K
GC Heap History (20 events):
Event: 183.148 GC heap before
{Heap before GC invocations=2174 (full 3):
 PSYoungGen      total 4608K, used 4365K [0x00000000d5580000, 0x00000000d5b00000, 0x0000000100000000)
  eden space 3584K, 100% used [0x00000000d5580000,0x00000000d5900000,0x00000000d5900000)
  from space 1024K, 76% used [0x00000000d5a00000,0x00000000d5ac3578,0x00000000d5b00000)
  to   space 1024K, 0% used [0x00000000d5900000,0x00000000d5900000,0x00000000d5a00000)
 ParOldGen       total 936448K, used 936070K [0x0000000080000000, 0x00000000b9280000, 0x00000000d5580000)
  object space 936448K, 99% used [0x0000000080000000,0x00000000b9221a48,0x00000000b9280000)
 Metaspace       used 67351K, committed 68992K, reserved 1114112K
  class space    used 6982K, committed 7680K, reserved 1048576K
}
Event: 183.156 GC heap after
{Heap after GC invocations=2174 (full 3):
 PSYoungGen      total 4608K, used 224K [0x00000000d5580000, 0x00000000d5a80000, 0x0000000100000000)
  eden space 3584K, 0% used [0x00000000d5580000,0x00000000d5580000,0x00000000d5900000)
  from space 1024K, 21% used [0x00000000d5900000,0x00000000d5938000,0x00000000d5a00000)
  to   space 512K, 0% used [0x00000000d5a00000,0x00000000d5a00000,0x00000000d5a80000)
 ParOldGen       total 936960K, used 936707K [0x0000000080000000, 0x00000000b9300000, 0x00000000d5580000)
  object space 936960K, 99% used [0x0000000080000000,0x00000000b92c0e30,0x00000000b9300000)
 Metaspace       used 67351K, committed 68992K, reserved 1114112K
  class space    used 6982K, committed 7680K, reserved 1048576K
}
Event: 183.204 GC heap before
{Heap before GC invocations=2175 (full 3):
 PSYoungGen      total 4608K, used 3725K [0x00000000d5580000, 0x00000000d5a80000, 0x0000000100000000)
  eden space 3584K, 97% used [0x00000000d5580000,0x00000000d58eb6b0,0x00000000d5900000)
  from space 1024K, 21% used [0x00000000d5900000,0x00000000d5938000,0x00000000d5a00000)
  to   space 512K, 0% used [0x00000000d5a00000,0x00000000d5a00000,0x00000000d5a80000)
 ParOldGen       total 936960K, used 936707K [0x0000000080000000, 0x00000000b9300000, 0x00000000d5580000)
  object space 936960K, 99% used [0x0000000080000000,0x00000000b92c0e30,0x00000000b9300000)
 Metaspace       used 67406K, committed 69056K, reserved 1114112K
  class space    used 6986K, committed 7680K, reserved 1048576K
}
Event: 183.208 GC heap after
{Heap after GC invocations=2175 (full 3):
 PSYoungGen      total 3584K, used 482K [0x00000000d5580000, 0x00000000d5c00000, 0x0000000100000000)
  eden space 3072K, 0% used [0x00000000d5580000,0x00000000d5580000,0x00000000d5880000)
  from space 512K, 94% used [0x00000000d5a00000,0x00000000d5a78ab8,0x00000000d5a80000)
  to   space 1536K, 0% used [0x00000000d5880000,0x00000000d5880000,0x00000000d5a00000)
 ParOldGen       total 937472K, used 937296K [0x0000000080000000, 0x00000000b9380000, 0x00000000d5580000)
  object space 937472K, 99% used [0x0000000080000000,0x00000000b9354388,0x00000000b9380000)
 Metaspace       used 67406K, committed 69056K, reserved 1114112K
  class space    used 6986K, committed 7680K, reserved 1048576K
}
Event: 183.636 GC heap before
{Heap before GC invocations=2176 (full 3):
 PSYoungGen      total 3584K, used 3490K [0x00000000d5580000, 0x00000000d5c00000, 0x0000000100000000)
  eden space 3072K, 97% used [0x00000000d5580000,0x00000000d586fdb8,0x00000000d5880000)
  from space 512K, 94% used [0x00000000d5a00000,0x00000000d5a78ab8,0x00000000d5a80000)
  to   space 1536K, 0% used [0x00000000d5880000,0x00000000d5880000,0x00000000d5a00000)
 ParOldGen       total 937472K, used 937296K [0x0000000080000000, 0x00000000b9380000, 0x00000000d5580000)
  object space 937472K, 99% used [0x0000000080000000,0x00000000b9354388,0x00000000b9380000)
 Metaspace       used 67407K, committed 69056K, reserved 1114112K
  class space    used 6986K, committed 7680K, reserved 1048576K
}
Event: 183.641 GC heap after
{Heap after GC invocations=2176 (full 3):
 PSYoungGen      total 4608K, used 1525K [0x00000000d5580000, 0x00000000d5e80000, 0x0000000100000000)
  eden space 3072K, 0% used [0x00000000d5580000,0x00000000d5580000,0x00000000d5880000)
  from space 1536K, 99% used [0x00000000d5880000,0x00000000d59fd648,0x00000000d5a00000)
  to   space 3072K, 0% used [0x00000000d5b80000,0x00000000d5b80000,0x00000000d5e80000)
 ParOldGen       total 938496K, used 938354K [0x0000000080000000, 0x00000000b9480000, 0x00000000d5580000)
  object space 938496K, 99% used [0x0000000080000000,0x00000000b945c840,0x00000000b9480000)
 Metaspace       used 67407K, committed 69056K, reserved 1114112K
  class space    used 6986K, committed 7680K, reserved 1048576K
}
Event: 183.745 GC heap before
{Heap before GC invocations=2177 (full 3):
 PSYoungGen      total 4608K, used 4574K [0x00000000d5580000, 0x00000000d5e80000, 0x0000000100000000)
  eden space 3072K, 99% used [0x00000000d5580000,0x00000000d587a500,0x00000000d5880000)
  from space 1536K, 99% used [0x00000000d5880000,0x00000000d59fd648,0x00000000d5a00000)
  to   space 3072K, 0% used [0x00000000d5b80000,0x00000000d5b80000,0x00000000d5e80000)
 ParOldGen       total 938496K, used 938354K [0x0000000080000000, 0x00000000b9480000, 0x00000000d5580000)
  object space 938496K, 99% used [0x0000000080000000,0x00000000b945c840,0x00000000b9480000)
 Metaspace       used 67407K, committed 69056K, reserved 1114112K
  class space    used 6986K, committed 7680K, reserved 1048576K
}
Event: 183.751 GC heap after
{Heap after GC invocations=2177 (full 3):
 PSYoungGen      total 4608K, used 1239K [0x00000000d5580000, 0x00000000d5d00000, 0x0000000100000000)
  eden space 3072K, 0% used [0x00000000d5580000,0x00000000d5580000,0x00000000d5880000)
  from space 1536K, 80% used [0x00000000d5b80000,0x00000000d5cb5c20,0x00000000d5d00000)
  to   space 2048K, 0% used [0x00000000d5900000,0x00000000d5900000,0x00000000d5b00000)
 ParOldGen       total 940544K, used 939913K [0x0000000080000000, 0x00000000b9680000, 0x00000000d5580000)
  object space 940544K, 99% used [0x0000000080000000,0x00000000b95e26b0,0x00000000b9680000)
 Metaspace       used 67407K, committed 69056K, reserved 1114112K
  class space    used 6986K, committed 7680K, reserved 1048576K
}
Event: 183.817 GC heap before
{Heap before GC invocations=2178 (full 3):
 PSYoungGen      total 4608K, used 4303K [0x00000000d5580000, 0x00000000d5d00000, 0x0000000100000000)
  eden space 3072K, 99% used [0x00000000d5580000,0x00000000d587e2f8,0x00000000d5880000)
  from space 1536K, 80% used [0x00000000d5b80000,0x00000000d5cb5c20,0x00000000d5d00000)
  to   space 2048K, 0% used [0x00000000d5900000,0x00000000d5900000,0x00000000d5b00000)
 ParOldGen       total 940544K, used 939913K [0x0000000080000000, 0x00000000b9680000, 0x00000000d5580000)
  object space 940544K, 99% used [0x0000000080000000,0x00000000b95e26b0,0x00000000b9680000)
 Metaspace       used 67407K, committed 69056K, reserved 1114112K
  class space    used 6986K, committed 7680K, reserved 1048576K
}
Event: 183.822 GC heap after
{Heap after GC invocations=2178 (full 3):
 PSYoungGen      total 4608K, used 1309K [0x00000000d5580000, 0x00000000d5c00000, 0x0000000100000000)
  eden space 3072K, 0% used [0x00000000d5580000,0x00000000d5580000,0x00000000d5880000)
  from space 1536K, 85% used [0x00000000d5900000,0x00000000d5a47468,0x00000000d5a80000)
  to   space 1536K, 0% used [0x00000000d5a80000,0x00000000d5a80000,0x00000000d5c00000)
 ParOldGen       total 941056K, used 940885K [0x0000000080000000, 0x00000000b9700000, 0x00000000d5580000)
  object space 941056K, 99% used [0x0000000080000000,0x00000000b96d5748,0x00000000b9700000)
 Metaspace       used 67407K, committed 69056K, reserved 1114112K
  class space    used 6986K, committed 7680K, reserved 1048576K
}
Event: 183.905 GC heap before
{Heap before GC invocations=2179 (full 3):
 PSYoungGen      total 4608K, used 4369K [0x00000000d5580000, 0x00000000d5c00000, 0x0000000100000000)
  eden space 3072K, 99% used [0x00000000d5580000,0x00000000d587d368,0x00000000d5880000)
  from space 1536K, 85% used [0x00000000d5900000,0x00000000d5a47468,0x00000000d5a80000)
  to   space 1536K, 0% used [0x00000000d5a80000,0x00000000d5a80000,0x00000000d5c00000)
 ParOldGen       total 941056K, used 940885K [0x0000000080000000, 0x00000000b9700000, 0x00000000d5580000)
  object space 941056K, 99% used [0x0000000080000000,0x00000000b96d5748,0x00000000b9700000)
 Metaspace       used 67410K, committed 69056K, reserved 1114112K
  class space    used 6986K, committed 7680K, reserved 1048576K
}
Event: 183.910 GC heap after
{Heap after GC invocations=2179 (full 3):
 PSYoungGen      total 4608K, used 1363K [0x00000000d5580000, 0x00000000d5c00000, 0x0000000100000000)
  eden space 3072K, 0% used [0x00000000d5580000,0x00000000d5580000,0x00000000d5880000)
  from space 1536K, 88% used [0x00000000d5a80000,0x00000000d5bd4f90,0x00000000d5c00000)
  to   space 1536K, 0% used [0x00000000d5900000,0x00000000d5900000,0x00000000d5a80000)
 ParOldGen       total 942080K, used 942044K [0x0000000080000000, 0x00000000b9800000, 0x00000000d5580000)
  object space 942080K, 99% used [0x0000000080000000,0x00000000b97f7258,0x00000000b9800000)
 Metaspace       used 67410K, committed 69056K, reserved 1114112K
  class space    used 6986K, committed 7680K, reserved 1048576K
}
Event: 184.032 GC heap before
{Heap before GC invocations=2180 (full 3):
 PSYoungGen      total 4608K, used 4435K [0x00000000d5580000, 0x00000000d5c00000, 0x0000000100000000)
  eden space 3072K, 100% used [0x00000000d5580000,0x00000000d5880000,0x00000000d5880000)
  from space 1536K, 88% used [0x00000000d5a80000,0x00000000d5bd4f90,0x00000000d5c00000)
  to   space 1536K, 0% used [0x00000000d5900000,0x00000000d5900000,0x00000000d5a80000)
 ParOldGen       total 942080K, used 942044K [0x0000000080000000, 0x00000000b9800000, 0x00000000d5580000)
  object space 942080K, 99% used [0x0000000080000000,0x00000000b97f7258,0x00000000b9800000)
 Metaspace       used 67483K, committed 69120K, reserved 1114112K
  class space    used 7007K, committed 7680K, reserved 1048576K
}
Event: 184.040 GC heap after
{Heap after GC invocations=2180 (full 3):
 PSYoungGen      total 4608K, used 1202K [0x00000000d5580000, 0x00000000d5b80000, 0x0000000100000000)
  eden space 3072K, 0% used [0x00000000d5580000,0x00000000d5580000,0x00000000d5880000)
  from space 1536K, 78% used [0x00000000d5900000,0x00000000d5a2cb10,0x00000000d5a80000)
  to   space 1024K, 0% used [0x00000000d5a80000,0x00000000d5a80000,0x00000000d5b80000)
 ParOldGen       total 943616K, used 943160K [0x0000000080000000, 0x00000000b9980000, 0x00000000d5580000)
  object space 943616K, 99% used [0x0000000080000000,0x00000000b990e3d0,0x00000000b9980000)
 Metaspace       used 67483K, committed 69120K, reserved 1114112K
  class space    used 7007K, committed 7680K, reserved 1048576K
}
Event: 184.209 GC heap before
{Heap before GC invocations=2181 (full 3):
 PSYoungGen      total 4608K, used 4274K [0x00000000d5580000, 0x00000000d5b80000, 0x0000000100000000)
  eden space 3072K, 100% used [0x00000000d5580000,0x00000000d5880000,0x00000000d5880000)
  from space 1536K, 78% used [0x00000000d5900000,0x00000000d5a2cb10,0x00000000d5a80000)
  to   space 1024K, 0% used [0x00000000d5a80000,0x00000000d5a80000,0x00000000d5b80000)
 ParOldGen       total 943616K, used 943160K [0x0000000080000000, 0x00000000b9980000, 0x00000000d5580000)
  object space 943616K, 99% used [0x0000000080000000,0x00000000b990e3d0,0x00000000b9980000)
 Metaspace       used 67514K, committed 69120K, reserved 1114112K
  class space    used 7010K, committed 7680K, reserved 1048576K
}
Event: 184.214 GC heap after
{Heap after GC invocations=2181 (full 3):
 PSYoungGen      total 3584K, used 999K [0x00000000d5580000, 0x00000000d5d80000, 0x0000000100000000)
  eden space 2560K, 0% used [0x00000000d5580000,0x00000000d5580000,0x00000000d5800000)
  from space 1024K, 97% used [0x00000000d5a80000,0x00000000d5b79d68,0x00000000d5b80000)
  to   space 2560K, 0% used [0x00000000d5800000,0x00000000d5800000,0x00000000d5a80000)
 ParOldGen       total 944640K, used 944496K [0x0000000080000000, 0x00000000b9a80000, 0x00000000d5580000)
  object space 944640K, 99% used [0x0000000080000000,0x00000000b9a5c258,0x00000000b9a80000)
 Metaspace       used 67514K, committed 69120K, reserved 1114112K
  class space    used 7010K, committed 7680K, reserved 1048576K
}
Event: 184.909 GC heap before
{Heap before GC invocations=2182 (full 3):
 PSYoungGen      total 3584K, used 3494K [0x00000000d5580000, 0x00000000d5d80000, 0x0000000100000000)
  eden space 2560K, 97% used [0x00000000d5580000,0x00000000d57efb88,0x00000000d5800000)
  from space 1024K, 97% used [0x00000000d5a80000,0x00000000d5b79d68,0x00000000d5b80000)
  to   space 2560K, 0% used [0x00000000d5800000,0x00000000d5800000,0x00000000d5a80000)
 ParOldGen       total 944640K, used 944496K [0x0000000080000000, 0x00000000b9a80000, 0x00000000d5580000)
  object space 944640K, 99% used [0x0000000080000000,0x00000000b9a5c258,0x00000000b9a80000)
 Metaspace       used 67514K, committed 69120K, reserved 1114112K
  class space    used 7010K, committed 7680K, reserved 1048576K
}
Event: 184.917 GC heap after
{Heap after GC invocations=2182 (full 3):
 PSYoungGen      total 3072K, used 192K [0x00000000d5580000, 0x00000000d5b00000, 0x0000000100000000)
  eden space 2560K, 0% used [0x00000000d5580000,0x00000000d5580000,0x00000000d5800000)
  from space 512K, 37% used [0x00000000d5800000,0x00000000d5830000,0x00000000d5880000)
  to   space 1024K, 0% used [0x00000000d5a00000,0x00000000d5a00000,0x00000000d5b00000)
 ParOldGen       total 945152K, used 944712K [0x0000000080000000, 0x00000000b9b00000, 0x00000000d5580000)
  object space 945152K, 99% used [0x0000000080000000,0x00000000b9a92258,0x00000000b9b00000)
 Metaspace       used 67514K, committed 69120K, reserved 1114112K
  class space    used 7010K, committed 7680K, reserved 1048576K
}
Event: 185.717 GC heap before
{Heap before GC invocations=2183 (full 3):
 PSYoungGen      total 3072K, used 2752K [0x00000000d5580000, 0x00000000d5b00000, 0x0000000100000000)
  eden space 2560K, 100% used [0x00000000d5580000,0x00000000d5800000,0x00000000d5800000)
  from space 512K, 37% used [0x00000000d5800000,0x00000000d5830000,0x00000000d5880000)
  to   space 1024K, 0% used [0x00000000d5a00000,0x00000000d5a00000,0x00000000d5b00000)
 ParOldGen       total 945152K, used 944712K [0x0000000080000000, 0x00000000b9b00000, 0x00000000d5580000)
  object space 945152K, 99% used [0x0000000080000000,0x00000000b9a92258,0x00000000b9b00000)
 Metaspace       used 67518K, committed 69120K, reserved 1114112K
  class space    used 7010K, committed 7680K, reserved 1048576K
}
Event: 185.739 GC heap after
{Heap after GC invocations=2183 (full 3):
 PSYoungGen      total 3072K, used 224K [0x00000000d5580000, 0x00000000d5a80000, 0x0000000100000000)
  eden space 2560K, 0% used [0x00000000d5580000,0x00000000d5580000,0x00000000d5800000)
  from space 512K, 43% used [0x00000000d5a00000,0x00000000d5a38000,0x00000000d5a80000)
  to   space 512K, 0% used [0x00000000d5800000,0x00000000d5800000,0x00000000d5880000)
 ParOldGen       total 945152K, used 944760K [0x0000000080000000, 0x00000000b9b00000, 0x00000000d5580000)
  object space 945152K, 99% used [0x0000000080000000,0x00000000b9a9e258,0x00000000b9b00000)
 Metaspace       used 67518K, committed 69120K, reserved 1114112K
  class space    used 7010K, committed 7680K, reserved 1048576K
}

